app/build/outputs/logs/manifest-merger-debug-report.txt
-- Merging decision tree log ---
manifest
ADDED from src\main\AndroidManifest.xml:2:1-142:12
INJECTED from src\main\AndroidManifest.xml:2:1-142:12
INJECTED from src\main\AndroidManifest.xml:2:1-142:12
INJECTED from src\main\AndroidManifest.xml:2:1-142:12
MERGED from [com.android.support:support-v4:26.1.0] AndroidManifest.xml:17:1-31:12
MERGED from [com.android.support:support-media-compat:26.1.0] AndroidManifest.xml:17:1-31:12
MERGED from [com.android.support:support-fragment:26.1.0] AndroidManifest.xml:17:1-31:12
MERGED from [com.android.support:support-core-utils:26.1.0] AndroidManifest.xml:17:1-31:12
MERGED from [com.android.support:support-core-ui:26.1.0] AndroidManifest.xml:17:1-31:12
MERGED from [com.android.support:support-compat:26.1.0] AndroidManifest.xml:17:1-31:12
MERGED from [android.arch.lifecycle:runtime:1.0.0] AndroidManifest.xml:17:1-30:12
INJECTED from src\main\AndroidManifest.xml:2:1-142:12
INJECTED from src\main\AndroidManifest.xml:2:1-142:12
INJECTED from src\main\AndroidManifest.xml:2:1-142:12
	package
		ADDED from src\main\AndroidManifest.xml:3:11-38
		INJECTED from src\main\AndroidManifest.xml
		INJECTED from src\main\AndroidManifest.xml
	android:versionName
		ADDED from src\main\AndroidManifest.xml:5:11-38
		INJECTED from src\main\AndroidManifest.xml
		INJECTED from src\main\AndroidManifest.xml
	xmlns:android
		ADDED from src\main\AndroidManifest.xml:2:11-69
	android:versionCode
		ADDED from src\main\AndroidManifest.xml:4:11-34
		INJECTED from src\main\AndroidManifest.xml
		INJECTED from src\main\AndroidManifest.xml
uses-sdk
ADDED from src\main\AndroidManifest.xml:8:5-10:40
INJECTED from src\main\AndroidManifest.xml:8:5-10:40
INJECTED from src\main\AndroidManifest.xml:8:5-10:40
MERGED from [com.android.support:support-v4:26.1.0] AndroidManifest.xml:21:5-23:54
MERGED from [com.android.support:support-v4:26.1.0] AndroidManifest.xml:21:5-23:54
MERGED from [com.android.support:support-media-compat:26.1.0] AndroidManifest.xml:21:5-23:63
MERGED from [com.android.support:support-media-compat:26.1.0] AndroidManifest.xml:21:5-23:63
MERGED from [com.android.support:support-fragment:26.1.0] AndroidManifest.xml:21:5-23:60
MERGED from [com.android.support:support-fragment:26.1.0] AndroidManifest.xml:21:5-23:60
MERGED from [com.android.support:support-core-utils:26.1.0] AndroidManifest.xml:21:5-23:61
MERGED from [com.android.support:support-core-utils:26.1.0] AndroidManifest.xml:21:5-23:61
MERGED from [com.android.support:support-core-ui:26.1.0] AndroidManifest.xml:21:5-23:58
MERGED from [com.android.support:support-core-ui:26.1.0] AndroidManifest.xml:21:5-23:58
MERGED from [com.android.support:support-compat:26.1.0] AndroidManifest.xml:21:5-23:58
MERGED from [com.android.support:support-compat:26.1.0] AndroidManifest.xml:21:5-23:58
MERGED from [android.arch.lifecycle:runtime:1.0.0] AndroidManifest.xml:20:5-22:41
MERGED from [android.arch.lifecycle:runtime:1.0.0] AndroidManifest.xml:20:5-22:41
INJECTED from src\main\AndroidManifest.xml:8:5-10:40
INJECTED from src\main\AndroidManifest.xml:8:5-10:40
	tools:overrideLibrary
		ADDED from [com.android.support:support-v4:26.1.0] AndroidManifest.xml:23:9-51
	android:targetSdkVersion
		ADDED from src\main\AndroidManifest.xml:10:9-38
		INJECTED from src\main\AndroidManifest.xml
		INJECTED from src\main\AndroidManifest.xml
	android:minSdkVersion
		ADDED from src\main\AndroidManifest.xml:9:9-35
		INJECTED from src\main\AndroidManifest.xml
		INJECTED from src\main\AndroidManifest.xml
uses-permission#android.permission.INTERNET
ADDED from src\main\AndroidManifest.xml:12:5-66
	android:name
		ADDED from src\main\AndroidManifest.xml:12:22-64
uses-permission#android.permission.ACCESS_NETWORK_STATE
ADDED from src\main\AndroidManifest.xml:13:5-78
	android:name
		ADDED from src\main\AndroidManifest.xml:13:22-76
uses-permission#android.permission.CAMERA
ADDED from src\main\AndroidManifest.xml:14:5-64
	android:name
		ADDED from src\main\AndroidManifest.xml:14:22-62
uses-permission#android.permission.RECORD_AUDIO
ADDED from src\main\AndroidManifest.xml:15:5-70
	android:name
		ADDED from src\main\AndroidManifest.xml:15:22-68
uses-feature#android.hardware.camera
ADDED from src\main\AndroidManifest.xml:17:5-59
	android:name
		ADDED from src\main\AndroidManifest.xml:17:19-57
uses-feature#android.hardware.camera.autofocus
ADDED from src\main\AndroidManifest.xml:18:5-69
	android:name
		ADDED from src\main\AndroidManifest.xml:18:19-67
uses-permission#android.hardware.usb.host
ADDED from src\main\AndroidManifest.xml:20:5-64
	android:name
		ADDED from src\main\AndroidManifest.xml:20:22-62
uses-permission#android.hardware.usb.accessory
ADDED from src\main\AndroidManifest.xml:21:5-69
	android:name
		ADDED from src\main\AndroidManifest.xml:21:22-67
uses-permission#android.permission.SYSTEM_ALERT_WINDOW
ADDED from src\main\AndroidManifest.xml:22:5-77
	android:name
		ADDED from src\main\AndroidManifest.xml:22:22-75
uses-permission#android.permission.WRITE_EXTERNAL_STORAGE
ADDED from src\main\AndroidManifest.xml:23:5-80
	android:name
		ADDED from src\main\AndroidManifest.xml:23:22-78
uses-permission#android.permission.MOUNT_UNMOUNT_FILESYSTEMS
ADDED from src\main\AndroidManifest.xml:24:5-83
	android:name
		ADDED from src\main\AndroidManifest.xml:24:22-81
uses-permission#android.permission.GET_TASKS
ADDED from src\main\AndroidManifest.xml:25:5-67
	android:name
		ADDED from src\main\AndroidManifest.xml:25:22-65
uses-permission#android.permission.BLUETOOTH
ADDED from src\main\AndroidManifest.xml:26:5-67
	android:name
		ADDED from src\main\AndroidManifest.xml:26:22-65
uses-permission#android.permission.BLUETOOTH_ADMIN
ADDED from src\main\AndroidManifest.xml:27:5-73
	android:name
		ADDED from src\main\AndroidManifest.xml:27:22-71
uses-permission#android.permission.READ_PHONE_STATE
ADDED from src\main\AndroidManifest.xml:28:5-74
	android:name
		ADDED from src\main\AndroidManifest.xml:28:22-72
uses-permission#android.permission.ACCESS_WIFI_STATE
ADDED from src\main\AndroidManifest.xml:29:5-75
	android:name
		ADDED from src\main\AndroidManifest.xml:29:22-73
uses-permission#android.permission.CHANGE_WIFI_STATE
ADDED from src\main\AndroidManifest.xml:30:5-75
	android:name
		ADDED from src\main\AndroidManifest.xml:30:22-73
uses-permission#android.permission.CHANGE_CONFIGURATION
ADDED from src\main\AndroidManifest.xml:31:5-78
	android:name
		ADDED from src\main\AndroidManifest.xml:31:22-76
uses-permission#android.permission.WRITE_SETTINGS
ADDED from src\main\AndroidManifest.xml:32:5-72
	android:name
		ADDED from src\main\AndroidManifest.xml:32:22-70
application
ADDED from src\main\AndroidManifest.xml:34:5-140:19
MERGED from [com.android.support:support-v4:26.1.0] AndroidManifest.xml:25:5-29:19
MERGED from [com.android.support:support-v4:26.1.0] AndroidManifest.xml:25:5-29:19
MERGED from [com.android.support:support-media-compat:26.1.0] AndroidManifest.xml:25:5-29:19
MERGED from [com.android.support:support-media-compat:26.1.0] AndroidManifest.xml:25:5-29:19
MERGED from [com.android.support:support-fragment:26.1.0] AndroidManifest.xml:25:5-29:19
MERGED from [com.android.support:support-fragment:26.1.0] AndroidManifest.xml:25:5-29:19
MERGED from [com.android.support:support-core-utils:26.1.0] AndroidManifest.xml:25:5-29:19
MERGED from [com.android.support:support-core-utils:26.1.0] AndroidManifest.xml:25:5-29:19
MERGED from [com.android.support:support-core-ui:26.1.0] AndroidManifest.xml:25:5-29:19
MERGED from [com.android.support:support-core-ui:26.1.0] AndroidManifest.xml:25:5-29:19
MERGED from [com.android.support:support-compat:26.1.0] AndroidManifest.xml:25:5-29:19
MERGED from [com.android.support:support-compat:26.1.0] AndroidManifest.xml:25:5-29:19
MERGED from [android.arch.lifecycle:runtime:1.0.0] AndroidManifest.xml:24:5-28:19
MERGED from [android.arch.lifecycle:runtime:1.0.0] AndroidManifest.xml:24:5-28:19
	android:label
		ADDED from src\main\AndroidManifest.xml:38:9-41
	android:icon
		ADDED from src\main\AndroidManifest.xml:37:9-45
	android:allowBackup
		ADDED from src\main\AndroidManifest.xml:36:9-35
	android:theme
		ADDED from src\main\AndroidManifest.xml:39:9-67
	android:name
		ADDED from src\main\AndroidManifest.xml:35:9-32
activity#com.tapc.platform.activity.MainActivity
ADDED from src\main\AndroidManifest.xml:40:9-53:20
	android:screenOrientation
		ADDED from src\main\AndroidManifest.xml:44:13-50
	android:label
		ADDED from src\main\AndroidManifest.xml:42:13-45
	android:launchMode
		ADDED from src\main\AndroidManifest.xml:43:13-48
	android:windowSoftInputMode
		ADDED from src\main\AndroidManifest.xml:45:13-54
	android:name
		ADDED from src\main\AndroidManifest.xml:41:13-50
intent-filter#android.intent.action.MAIN+android.intent.category.DEFAULT+android.intent.category.HOME+android.intent.category.LAUNCHER
ADDED from src\main\AndroidManifest.xml:46:13-52:29
action#android.intent.action.MAIN
ADDED from src\main\AndroidManifest.xml:47:17-68
	android:name
		ADDED from src\main\AndroidManifest.xml:47:25-66
category#android.intent.category.HOME
ADDED from src\main\AndroidManifest.xml:49:17-72
	android:name
		ADDED from src\main\AndroidManifest.xml:49:27-70
category#android.intent.category.DEFAULT
ADDED from src\main\AndroidManifest.xml:50:17-75
	android:name
		ADDED from src\main\AndroidManifest.xml:50:27-73
category#android.intent.category.LAUNCHER
ADDED from src\main\AndroidManifest.xml:51:17-76
	android:name
		ADDED from src\main\AndroidManifest.xml:51:27-74
activity#com.tapc.platform.activity.TVActivity
ADDED from src\main\AndroidManifest.xml:54:9-56
	android:name
		ADDED from src\main\AndroidManifest.xml:54:19-54
activity#com.tapc.platform.activity.GoalActivity
ADDED from src\main\AndroidManifest.xml:55:9-58
	android:name
		ADDED from src\main\AndroidManifest.xml:55:19-56
activity#com.tapc.platform.activity.ScenePlayActivity
ADDED from src\main\AndroidManifest.xml:56:9-63
	android:name
		ADDED from src\main\AndroidManifest.xml:56:19-61
activity#com.tapc.platform.activity.SceneRunActivity
ADDED from src\main\AndroidManifest.xml:57:9-62
	android:name
		ADDED from src\main\AndroidManifest.xml:57:19-60
activity#com.tapc.platform.activity.ProgramAcitvity
ADDED from src\main\AndroidManifest.xml:58:9-61
	android:name
		ADDED from src\main\AndroidManifest.xml:58:19-59
activity#com.tapc.platform.activity.SetProgramTimeAcitvity
ADDED from src\main\AndroidManifest.xml:59:9-68
	android:name
		ADDED from src\main\AndroidManifest.xml:59:19-66
activity#com.tapc.platform.activity.LanguageAcivity
ADDED from src\main\AndroidManifest.xml:60:9-61
	android:name
		ADDED from src\main\AndroidManifest.xml:60:19-59
activity#com.tapc.platform.activity.HelpActivity
ADDED from src\main\AndroidManifest.xml:61:9-58
	android:name
		ADDED from src\main\AndroidManifest.xml:61:19-56
activity#com.tapc.platform.activity.SportResultActivity
ADDED from src\main\AndroidManifest.xml:62:9-65
	android:name
		ADDED from src\main\AndroidManifest.xml:62:19-63
activity#com.tapc.platform.activity.ApplicationActivity
ADDED from src\main\AndroidManifest.xml:63:9-65
	android:name
		ADDED from src\main\AndroidManifest.xml:63:19-63
activity#com.tapc.platform.activity.RecordActivity
ADDED from src\main\AndroidManifest.xml:64:9-60
	android:name
		ADDED from src\main\AndroidManifest.xml:64:19-58
activity#com.tapc.platform.activity.WorkoutCtlSetActivity
ADDED from src\main\AndroidManifest.xml:65:9-67
	android:name
		ADDED from src\main\AndroidManifest.xml:65:19-65
activity#com.tapc.platform.activity.ChooseChallengeModeActivity
ADDED from src\main\AndroidManifest.xml:66:9-73
	android:name
		ADDED from src\main\AndroidManifest.xml:66:19-71
activity#com.tapc.platform.activity.StartChallenge
ADDED from src\main\AndroidManifest.xml:67:9-60
	android:name
		ADDED from src\main\AndroidManifest.xml:67:19-58
activity#com.tapc.platform.activity.ChallengeResultActivity
ADDED from src\main\AndroidManifest.xml:68:9-69
	android:name
		ADDED from src\main\AndroidManifest.xml:68:19-67
activity#com.tapc.platform.activity.WattConstanAcitvity
ADDED from src\main\AndroidManifest.xml:69:9-65
	android:name
		ADDED from src\main\AndroidManifest.xml:69:19-63
activity#com.tapc.platform.activity.LoadCtlSetAcitvity
ADDED from src\main\AndroidManifest.xml:70:9-64
	android:name
		ADDED from src\main\AndroidManifest.xml:70:19-62
activity#com.tapc.platform.activity.LoginActivity
ADDED from src\main\AndroidManifest.xml:71:9-73:56
	android:windowSoftInputMode
		ADDED from src\main\AndroidManifest.xml:73:13-54
	android:name
		ADDED from src\main\AndroidManifest.xml:72:13-51
activity#com.tapc.platform.activity.SettingActivity
ADDED from src\main\AndroidManifest.xml:74:9-76:50
	android:launchMode
		ADDED from src\main\AndroidManifest.xml:76:13-48
	android:name
		ADDED from src\main\AndroidManifest.xml:75:13-53
activity#com.tapc.platform.activity.RegisterActivity
ADDED from src\main\AndroidManifest.xml:77:9-79:56
	android:windowSoftInputMode
		ADDED from src\main\AndroidManifest.xml:79:13-54
	android:name
		ADDED from src\main\AndroidManifest.xml:78:13-54
activity#com.tapc.platform.activity.GroupsActivity
ADDED from src\main\AndroidManifest.xml:80:9-82:56
	android:windowSoftInputMode
		ADDED from src\main\AndroidManifest.xml:82:13-54
	android:name
		ADDED from src\main\AndroidManifest.xml:81:13-52
activity#com.tapc.platform.activity.CreateGroupActivity
ADDED from src\main\AndroidManifest.xml:83:9-85:56
	android:windowSoftInputMode
		ADDED from src\main\AndroidManifest.xml:85:13-54
	android:name
		ADDED from src\main\AndroidManifest.xml:84:13-57
activity#com.tapc.platform.activity.CreatePrivateGroupSuccessActivity
ADDED from src\main\AndroidManifest.xml:86:9-88:56
	android:windowSoftInputMode
		ADDED from src\main\AndroidManifest.xml:88:13-54
	android:name
		ADDED from src\main\AndroidManifest.xml:87:13-71
activity#com.tapc.platform.activity.AddGroupActivity
ADDED from src\main\AndroidManifest.xml:89:9-62
	android:name
		ADDED from src\main\AndroidManifest.xml:89:19-60
activity#com.tapc.platform.activity.PublicGroupListActivity
ADDED from src\main\AndroidManifest.xml:90:9-92:61
	android:theme
		ADDED from src\main\AndroidManifest.xml:92:13-59
	android:name
		ADDED from src\main\AndroidManifest.xml:91:13-61
activity#com.tapc.platform.activity.AddPrivateGroupActivity
ADDED from src\main\AndroidManifest.xml:93:9-95:56
	android:windowSoftInputMode
		ADDED from src\main\AndroidManifest.xml:95:13-54
	android:name
		ADDED from src\main\AndroidManifest.xml:94:13-61
activity#com.tapc.platform.activity.PublicGroupDetailActivity
ADDED from src\main\AndroidManifest.xml:96:9-71
	android:name
		ADDED from src\main\AndroidManifest.xml:96:19-69
activity#com.tapc.platform.activity.GroupDetailActivity
ADDED from src\main\AndroidManifest.xml:97:9-99:61
	android:theme
		ADDED from src\main\AndroidManifest.xml:99:13-59
	android:name
		ADDED from src\main\AndroidManifest.xml:98:13-57
activity#com.tapc.platform.activity.GroupUserDetailActivity
ADDED from src\main\AndroidManifest.xml:100:9-69
	android:name
		ADDED from src\main\AndroidManifest.xml:100:19-67
activity#com.tapc.platform.activity.DeviceSettingActivity
ADDED from src\main\AndroidManifest.xml:101:9-67
	android:name
		ADDED from src\main\AndroidManifest.xml:101:19-65
activity#com.tapc.platform.activity.LoginSettingActivity
ADDED from src\main\AndroidManifest.xml:102:9-66
	android:name
		ADDED from src\main\AndroidManifest.xml:102:19-64
service#com.tapc.platform.service.MenuService
ADDED from src\main\AndroidManifest.xml:104:9-111:19
	android:enabled
		ADDED from src\main\AndroidManifest.xml:106:13-35
	android:exported
		ADDED from src\main\AndroidManifest.xml:107:13-36
	android:name
		ADDED from src\main\AndroidManifest.xml:105:13-48
intent-filter#.service.MenuService
ADDED from src\main\AndroidManifest.xml:108:13-110:29
action#com.tapc.platform.service.MenuService
ADDED from src\main\AndroidManifest.xml:109:17-62
	android:name
		ADDED from src\main\AndroidManifest.xml:109:25-60
service#com.tapc.platform.service.VoiceInputService
ADDED from src\main\AndroidManifest.xml:112:9-119:19
	android:enabled
		ADDED from src\main\AndroidManifest.xml:114:13-35
	android:exported
		ADDED from src\main\AndroidManifest.xml:115:13-36
	android:name
		ADDED from src\main\AndroidManifest.xml:113:13-54
intent-filter#.service.VoiceInputService
ADDED from src\main\AndroidManifest.xml:116:13-118:29
action#com.tapc.platform.service.VoiceInputService
ADDED from src\main\AndroidManifest.xml:117:17-68
	android:name
		ADDED from src\main\AndroidManifest.xml:117:25-66
service#com.tapc.platform.service.MachineStatusService
ADDED from src\main\AndroidManifest.xml:120:9-127:19
	android:enabled
		ADDED from src\main\AndroidManifest.xml:122:13-35
	android:exported
		ADDED from src\main\AndroidManifest.xml:123:13-36
	android:name
		ADDED from src\main\AndroidManifest.xml:121:13-57
intent-filter#.service.MachineStatusService
ADDED from src\main\AndroidManifest.xml:124:13-126:29
action#com.tapc.platform.service.MachineStatusService
ADDED from src\main\AndroidManifest.xml:125:17-71
	android:name
		ADDED from src\main\AndroidManifest.xml:125:25-69
receiver#com.tapc.platform.receiver.NetWorkBroadcastReceiver
ADDED from src\main\AndroidManifest.xml:129:9-133:20
	android:name
		ADDED from src\main\AndroidManifest.xml:129:19-68
intent-filter#android.net.conn.CONNECTIVITY_CHANGE
ADDED from src\main\AndroidManifest.xml:130:13-132:29
action#android.net.conn.CONNECTIVITY_CHANGE
ADDED from src\main\AndroidManifest.xml:131:17-78
	android:name
		ADDED from src\main\AndroidManifest.xml:131:25-76
receiver#com.tapc.platform.receiver.BlueBroadcastReceiver
ADDED from src\main\AndroidManifest.xml:134:9-139:20
	android:name
		ADDED from src\main\AndroidManifest.xml:134:19-65
intent-filter#android.bluetooth.device.action.ACL_CONNECTED+android.bluetooth.device.action.ACL_DISCONNECTED
ADDED from src\main\AndroidManifest.xml:135:13-138:29
action#android.bluetooth.device.action.ACL_CONNECTED
ADDED from src\main\AndroidManifest.xml:136:17-87
	android:name
		ADDED from src\main\AndroidManifest.xml:136:25-85
action#android.bluetooth.device.action.ACL_DISCONNECTED
ADDED from src\main\AndroidManifest.xml:137:17-90
	android:name
		ADDED from src\main\AndroidManifest.xml:137:25-88
meta-data#android.support.VERSION
ADDED from [com.android.support:support-v4:26.1.0] AndroidManifest.xml:26:9-28:38
MERGED from [com.android.support:support-media-compat:26.1.0] AndroidManifest.xml:26:9-28:38
MERGED from [com.android.support:support-media-compat:26.1.0] AndroidManifest.xml:26:9-28:38
MERGED from [com.android.support:support-fragment:26.1.0] AndroidManifest.xml:26:9-28:38
MERGED from [com.android.support:support-fragment:26.1.0] AndroidManifest.xml:26:9-28:38
MERGED from [com.android.support:support-core-utils:26.1.0] AndroidManifest.xml:26:9-28:38
MERGED from [com.android.support:support-core-utils:26.1.0] AndroidManifest.xml:26:9-28:38
MERGED from [com.android.support:support-core-ui:26.1.0] AndroidManifest.xml:26:9-28:38
MERGED from [com.android.support:support-core-ui:26.1.0] AndroidManifest.xml:26:9-28:38
MERGED from [com.android.support:support-compat:26.1.0] AndroidManifest.xml:26:9-28:38
MERGED from [com.android.support:support-compat:26.1.0] AndroidManifest.xml:26:9-28:38
	android:value
		ADDED from [com.android.support:support-v4:26.1.0] AndroidManifest.xml:28:13-35
	android:name
		ADDED from [com.android.support:support-v4:26.1.0] AndroidManifest.xml:27:13-51
meta-data#android.arch.lifecycle.VERSION
ADDED from [android.arch.lifecycle:runtime:1.0.0] AndroidManifest.xml:25:9-27:47
	android:value
		ADDED from [android.arch.lifecycle:runtime:1.0.0] AndroidManifest.xml:27:13-44
	android:name
		ADDED from [android.arch.lifecycle:runtime:1.0.0] AndroidManifest.xml:26:13-58